<?xml version="1.0" encoding="UTF-8"?>
<!-- Generated by org.testng.reporters.JUnitReportReporter -->
<testsuite skipped="0" hostname="DESKTOP-RT1RM8J" name="com.learnautomation.testcases.CreateUser" tests="3" failures="0" timestamp="2022-01-21T09:11:08 IST" time="19.621" errors="0">
  <testcase name="loginWithAdmin" time="7.088" classname="com.learnautomation.testcases.CreateUser"/>
  <system-out/>
  <testcase name="createUser" time="10.646" classname="com.learnautomation.testcases.CreateUser"/>
  <system-out/>
  <testcase name="logout" time="1.887" classname="com.learnautomation.testcases.CreateUser"/>
  <system-out/>
</testsuite> <!-- com.learnautomation.testcases.CreateUser -->
