<?xml version="1.0" encoding="UTF-8"?>
<!-- Generated by org.testng.reporters.JUnitReportReporter -->
<testsuite skipped="0" hostname="DESKTOP-RT1RM8J" name="com.learnautomation.testcases.SampleMukesh" tests="1" failures="0" timestamp="2022-02-08T09:34:05 IST" time="0.012" errors="0">
  <testcase name="test1" time="0.012" classname="com.learnautomation.testcases.SampleMukesh"/>
  <system-out/>
</testsuite> <!-- com.learnautomation.testcases.SampleMukesh -->
