<?xml version="1.0" encoding="UTF-8"?>
<!-- Generated by org.testng.reporters.JUnitReportReporter -->
<testsuite skipped="0" hostname="DESKTOP-RT1RM8J" name="com.learnautomation.testing.SeleniumGridExample4" tests="1" failures="0" timestamp="2022-01-20T09:10:42 IST" time="69.467" errors="0">
  <testcase name="testOnChromeWin11" time="69.467" classname="com.learnautomation.testing.SeleniumGridExample4"/>
  <system-out/>
</testsuite> <!-- com.learnautomation.testing.SeleniumGridExample4 -->
