<?xml version="1.0" encoding="UTF-8"?>
<!-- Generated by org.testng.reporters.JUnitReportReporter -->
<testsuite skipped="0" hostname="DESKTOP-RT1RM8J" name="com.learnautomation.testcases.LoginWithPOM" tests="6" failures="0" timestamp="2022-01-21T08:25:55 IST" time="39.247" errors="0">
  <testcase name="loginWithAdmin" time="6.527" classname="com.learnautomation.testcases.LoginWithPOM"/>
  <system-out/>
  <testcase name="loginWithAdmin" time="7.697" classname="com.learnautomation.testcases.LoginWithPOM"/>
  <system-out/>
  <testcase name="loginWithAdmin" time="16.823" classname="com.learnautomation.testcases.LoginWithPOM"/>
  <system-out/>
  <testcase name="logout" time="4.284" classname="com.learnautomation.testcases.LoginWithPOM"/>
  <system-out/>
  <testcase name="logout" time="2.264" classname="com.learnautomation.testcases.LoginWithPOM"/>
  <system-out/>
  <testcase name="logout" time="1.652" classname="com.learnautomation.testcases.LoginWithPOM"/>
  <system-out/>
</testsuite> <!-- com.learnautomation.testcases.LoginWithPOM -->
