<?xml version="1.0" encoding="UTF-8"?>
<!-- Generated by org.testng.reporters.JUnitReportReporter -->
<testsuite skipped="0" hostname="DESKTOP-RT1RM8J" name="com.learnautomation.testing.SeleniumGridExample5" tests="1" failures="0" timestamp="2022-01-20T00:24:40 IST" time="81.340" errors="0">
  <testcase name="testOnChromeWin11" time="81.340" classname="com.learnautomation.testing.SeleniumGridExample5"/>
  <system-out/>
</testsuite> <!-- com.learnautomation.testing.SeleniumGridExample5 -->
