<?xml version="1.0" encoding="UTF-8"?>
<!-- Generated by org.testng.reporters.JUnitReportReporter -->
<testsuite skipped="0" hostname="DESKTOP-RT1RM8J" name="com.learnautomation.testing.SeleniumGridExample6" tests="1" failures="0" timestamp="2022-01-20T00:24:40 IST" time="67.530" errors="0">
  <testcase name="testOnChromeWin11" time="67.530" classname="com.learnautomation.testing.SeleniumGridExample6"/>
  <system-out/>
</testsuite> <!-- com.learnautomation.testing.SeleniumGridExample6 -->
