<?xml version="1.0" encoding="UTF-8"?>
<!-- Generated by org.testng.reporters.JUnitReportReporter -->
<testsuite skipped="0" hostname="DESKTOP-RT1RM8J" name="com.learnautomation.testcases.MultipleLoginWithPOM" tests="1" failures="0" timestamp="2022-01-17T08:53:20 IST" time="27.575" errors="0">
  <testcase name="loginWithAdmin" time="27.575" classname="com.learnautomation.testcases.MultipleLoginWithPOM"/>
  <system-out/>
</testsuite> <!-- com.learnautomation.testcases.MultipleLoginWithPOM -->
