<?xml version="1.0" encoding="UTF-8"?>
<!-- Generated by org.testng.reporters.JUnitReportReporter -->
<testsuite skipped="0" hostname="DESKTOP-RT1RM8J" name="com.learnautomation.testing.SeleniumGridExample" tests="1" failures="0" timestamp="2022-01-20T07:57:44 IST" time="24.219" errors="0">
  <testcase name="testOnChromeWin11" time="24.219" classname="com.learnautomation.testing.SeleniumGridExample"/>
  <system-out/>
</testsuite> <!-- com.learnautomation.testing.SeleniumGridExample -->
